<?xml version="1.0" encoding="UTF-8"?>
<!-- Generated by org.testng.reporters.JUnitReportReporter -->
<testsuite hostname="LAPTOP-Q9BAQ8TT" failures="0" tests="2" name="com.employeeapi.testcases.TC002_Get_Single_EmployeeRecord" time="0.010" errors="0" timestamp="13 Dec 2019 03:02:16 GMT" skipped="0">
  <testcase classname="com.employeeapi.testcases.TC002_Get_Single_EmployeeRecord" name="checkStatusCode" time="0.007"/>
  <testcase classname="com.employeeapi.testcases.TC002_Get_Single_EmployeeRecord" name="checkResponseBody" time="0.003"/>
</testsuite> <!-- com.employeeapi.testcases.TC002_Get_Single_EmployeeRecord -->
