<?xml version="1.0" encoding="UTF-8"?>
<!-- Generated by org.testng.reporters.JUnitReportReporter -->
<testsuite hostname="LAPTOP-Q9BAQ8TT" failures="0" tests="2" name="com.employeeapi.testcases.TC004_Put_Employee_Record" time="0.007" errors="0" timestamp="13 Dec 2019 03:02:15 GMT" skipped="0">
  <testcase classname="com.employeeapi.testcases.TC004_Put_Employee_Record" name="checkResponsebody" time="0.006"/>
  <testcase classname="com.employeeapi.testcases.TC004_Put_Employee_Record" name="checkStatusCode" time="0.001"/>
</testsuite> <!-- com.employeeapi.testcases.TC004_Put_Employee_Record -->
