<?xml version="1.0" encoding="UTF-8"?>
<!-- Generated by org.testng.reporters.JUnitReportReporter -->
<testsuite hostname="LAPTOP-Q9BAQ8TT" failures="0" tests="4" name="com.employeeapi.testcases.TC003_Post_Employee_Record" time="0.022" errors="0" timestamp="13 Dec 2019 03:02:16 GMT" skipped="0">
  <testcase classname="com.employeeapi.testcases.TC003_Post_Employee_Record" name="checkContentType" time="0.003"/>
  <testcase classname="com.employeeapi.testcases.TC003_Post_Employee_Record" name="checkStatusLine" time="0.006"/>
  <testcase classname="com.employeeapi.testcases.TC003_Post_Employee_Record" name="checkResponseBody" time="0.010"/>
  <testcase classname="com.employeeapi.testcases.TC003_Post_Employee_Record" name="checkStatusCode" time="0.003"/>
</testsuite> <!-- com.employeeapi.testcases.TC003_Post_Employee_Record -->
