<?xml version="1.0" encoding="UTF-8"?>
<!-- Generated by org.testng.reporters.JUnitReportReporter -->
<testsuite hostname="LAPTOP-Q9BAQ8TT" failures="0" tests="3" name="com.employeeapi.testcases.TC005_Delete_Employee_Record" time="0.013" errors="0" timestamp="13 Dec 2019 03:02:15 GMT" skipped="0">
  <testcase classname="com.employeeapi.testcases.TC005_Delete_Employee_Record" name="checkContentEncoding" time="0.005"/>
  <testcase classname="com.employeeapi.testcases.TC005_Delete_Employee_Record" name="checkStatusCode" time="0.003"/>
  <testcase classname="com.employeeapi.testcases.TC005_Delete_Employee_Record" name="checkResponseBody" time="0.005"/>
</testsuite> <!-- com.employeeapi.testcases.TC005_Delete_Employee_Record -->
